{"C:\\Users\\LUCAS\\Documents\\node\\clen-node-api\\src\\presetation\\helpers\\http-response.js": {"path":"C:\\Users\\LUCAS\\Documents\\node\\clen-node-api\\src\\presetation\\helpers\\http-response.js","all":false,"statementMap":{"0":{"start":{"line":1,"column":0},"end":{"line":1,"column":59}},"1":{"start":{"line":2,"column":0},"end":{"line":2,"column":56}},"2":{"start":{"line":3,"column":0},"end":{"line":3,"column":37}},"3":{"start":{"line":4,"column":0},"end":{"line":4,"column":33}},"4":{"start":{"line":5,"column":0},"end":{"line":5,"column":12}},"5":{"start":{"line":6,"column":0},"end":{"line":6,"column":22}},"6":{"start":{"line":7,"column":0},"end":{"line":7,"column":44}},"7":{"start":{"line":8,"column":0},"end":{"line":8,"column":5}},"8":{"start":{"line":9,"column":0},"end":{"line":9,"column":3}},"9":{"start":{"line":10,"column":0},"end":{"line":10,"column":0}},"10":{"start":{"line":11,"column":0},"end":{"line":11,"column":25}},"11":{"start":{"line":12,"column":0},"end":{"line":12,"column":12}},"12":{"start":{"line":13,"column":0},"end":{"line":13,"column":21}},"13":{"start":{"line":14,"column":0},"end":{"line":14,"column":5}},"14":{"start":{"line":15,"column":0},"end":{"line":15,"column":3}},"15":{"start":{"line":16,"column":0},"end":{"line":16,"column":0}},"16":{"start":{"line":17,"column":0},"end":{"line":17,"column":31}},"17":{"start":{"line":18,"column":0},"end":{"line":18,"column":12}},"18":{"start":{"line":19,"column":0},"end":{"line":19,"column":22}},"19":{"start":{"line":20,"column":0},"end":{"line":20,"column":35}},"20":{"start":{"line":21,"column":0},"end":{"line":21,"column":5}},"21":{"start":{"line":22,"column":0},"end":{"line":22,"column":3}},"22":{"start":{"line":23,"column":0},"end":{"line":23,"column":1}}},"s":{"0":1,"1":1,"2":1,"3":1,"4":2,"5":2,"6":2,"7":2,"8":2,"9":1,"10":1,"11":2,"12":2,"13":2,"14":2,"15":1,"16":1,"17":2,"18":2,"19":2,"20":2,"21":2,"22":1},"branchMap":{},"b":{},"fnMap":{"0":{"name":"badRequest","decl":{"start":{"line":4,"column":9},"end":{"line":9,"column":3}},"loc":{"start":{"line":4,"column":9},"end":{"line":9,"column":3}},"line":4},"1":{"name":"serverError","decl":{"start":{"line":11,"column":9},"end":{"line":15,"column":3}},"loc":{"start":{"line":11,"column":9},"end":{"line":15,"column":3}},"line":11},"2":{"name":"unauthorizedError","decl":{"start":{"line":17,"column":9},"end":{"line":22,"column":3}},"loc":{"start":{"line":17,"column":9},"end":{"line":22,"column":3}},"line":17}},"f":{"0":2,"1":2,"2":2}}
,"C:\\Users\\LUCAS\\Documents\\node\\clen-node-api\\src\\presetation\\helpers\\missing-params-error.js": {"path":"C:\\Users\\LUCAS\\Documents\\node\\clen-node-api\\src\\presetation\\helpers\\missing-params-error.js","all":false,"statementMap":{"0":{"start":{"line":1,"column":0},"end":{"line":1,"column":56}},"1":{"start":{"line":2,"column":0},"end":{"line":2,"column":27}},"2":{"start":{"line":3,"column":0},"end":{"line":3,"column":40}},"3":{"start":{"line":4,"column":0},"end":{"line":4,"column":36}},"4":{"start":{"line":5,"column":0},"end":{"line":5,"column":3}},"5":{"start":{"line":6,"column":0},"end":{"line":6,"column":1}}},"s":{"0":1,"1":1,"2":4,"3":4,"4":4,"5":1},"branchMap":{},"b":{},"fnMap":{"0":{"name":"MissingParamError","decl":{"start":{"line":2,"column":2},"end":{"line":5,"column":3}},"loc":{"start":{"line":2,"column":2},"end":{"line":5,"column":3}},"line":2}},"f":{"0":4}}
,"C:\\Users\\LUCAS\\Documents\\node\\clen-node-api\\src\\presetation\\helpers\\unathorized-error.js": {"path":"C:\\Users\\LUCAS\\Documents\\node\\clen-node-api\\src\\presetation\\helpers\\unathorized-error.js","all":false,"statementMap":{"0":{"start":{"line":1,"column":0},"end":{"line":1,"column":56}},"1":{"start":{"line":2,"column":0},"end":{"line":2,"column":27}},"2":{"start":{"line":3,"column":0},"end":{"line":3,"column":25}},"3":{"start":{"line":4,"column":0},"end":{"line":4,"column":36}},"4":{"start":{"line":5,"column":0},"end":{"line":5,"column":3}},"5":{"start":{"line":6,"column":0},"end":{"line":6,"column":1}}},"s":{"0":1,"1":1,"2":3,"3":3,"4":3,"5":1},"branchMap":{},"b":{},"fnMap":{"0":{"name":"UnahthorizedError","decl":{"start":{"line":2,"column":2},"end":{"line":5,"column":3}},"loc":{"start":{"line":2,"column":2},"end":{"line":5,"column":3}},"line":2}},"f":{"0":3}}
,"C:\\Users\\LUCAS\\Documents\\node\\clen-node-api\\src\\presetation\\routers\\login-router.js": {"path":"C:\\Users\\LUCAS\\Documents\\node\\clen-node-api\\src\\presetation\\routers\\login-router.js","all":false,"statementMap":{"0":{"start":{"line":1,"column":0},"end":{"line":1,"column":59}},"1":{"start":{"line":2,"column":0},"end":{"line":2,"column":36}},"2":{"start":{"line":3,"column":0},"end":{"line":3,"column":29}},"3":{"start":{"line":4,"column":0},"end":{"line":4,"column":34}},"4":{"start":{"line":5,"column":0},"end":{"line":5,"column":3}},"5":{"start":{"line":6,"column":0},"end":{"line":6,"column":0}},"6":{"start":{"line":7,"column":0},"end":{"line":7,"column":23}},"7":{"start":{"line":8,"column":0},"end":{"line":8,"column":44}},"8":{"start":{"line":9,"column":0},"end":{"line":9,"column":39}},"9":{"start":{"line":10,"column":0},"end":{"line":10,"column":5}},"10":{"start":{"line":11,"column":0},"end":{"line":11,"column":48}},"11":{"start":{"line":12,"column":0},"end":{"line":12,"column":17}},"12":{"start":{"line":13,"column":0},"end":{"line":13,"column":45}},"13":{"start":{"line":14,"column":0},"end":{"line":14,"column":5}},"14":{"start":{"line":15,"column":0},"end":{"line":15,"column":20}},"15":{"start":{"line":16,"column":0},"end":{"line":16,"column":48}},"16":{"start":{"line":17,"column":0},"end":{"line":17,"column":5}},"17":{"start":{"line":18,"column":0},"end":{"line":18,"column":32}},"18":{"start":{"line":19,"column":0},"end":{"line":19,"column":43}},"19":{"start":{"line":20,"column":0},"end":{"line":20,"column":3}},"20":{"start":{"line":21,"column":0},"end":{"line":21,"column":1}}},"s":{"0":1,"1":1,"2":1,"3":6,"4":6,"5":1,"6":1,"7":6,"8":6,"9":6,"10":6,"11":6,"12":6,"13":6,"14":6,"15":6,"16":6,"17":6,"18":6,"19":6,"20":1},"branchMap":{},"b":{},"fnMap":{"0":{"name":"LoginRouter","decl":{"start":{"line":3,"column":2},"end":{"line":5,"column":3}},"loc":{"start":{"line":3,"column":2},"end":{"line":5,"column":3}},"line":3},"1":{"name":"route","decl":{"start":{"line":7,"column":2},"end":{"line":20,"column":3}},"loc":{"start":{"line":7,"column":2},"end":{"line":20,"column":3}},"line":7}},"f":{"0":6,"1":6}}
}
