TN:
SF:src\presetation\helpers\http-response.js
FN:3,badRequest
FN:10,serverError
FNF:2
FNH:2
FNDA:2,badRequest
FNDA:2,serverError
DA:1,1
DA:2,1
DA:3,1
DA:4,2
DA:5,2
DA:6,2
DA:7,2
DA:8,2
DA:9,1
DA:10,1
DA:11,2
DA:12,2
DA:13,2
DA:14,2
DA:15,1
LF:15
LH:15
BRF:0
BRH:0
end_of_record
TN:
SF:src\presetation\helpers\missing-params-error.js
FN:2,MissingParamError
FNF:1
FNH:1
FNDA:4,MissingParamError
DA:1,1
DA:2,1
DA:3,4
DA:4,4
DA:5,4
DA:6,1
LF:6
LH:6
BRF:0
BRH:0
end_of_record
TN:
SF:src\presetation\routers\login-router.js
FN:3,LoginRouter
FN:7,route
FNF:2
FNH:2
FNDA:5,LoginRouter
FNDA:5,route
DA:1,1
DA:2,1
DA:3,1
DA:4,5
DA:5,5
DA:6,1
DA:7,1
DA:8,5
DA:9,5
DA:10,5
DA:11,5
DA:12,5
DA:13,5
DA:14,5
DA:15,5
DA:16,5
DA:17,5
DA:18,5
DA:19,5
DA:20,1
LF:20
LH:20
BRF:0
BRH:0
end_of_record
